<?xml version="1.0" encoding="UTF-8"?>
<testsuite xmlns:xsi="http://www.w3.org/2001/XMLSchema-instance" xsi:noNamespaceSchemaLocation="https://maven.apache.org/surefire/maven-surefire-plugin/xsd/surefire-test-report.xsd" name="edu.isu.gamematch.VoteTest" time="4.206" tests="3" errors="0" skipped="0" failures="0">
  <properties>
[...]
</properties>
  <testcase name="testUpdateVote" classname="edu.isu.gamematch.VoteTest" time="0.938"/>
  <testcase name="testVoteRecording" classname="edu.isu.gamematch.VoteTest" time="0.008"/>
  <testcase name="testVoteTallying" classname="edu.isu.gamematch.VoteTest" time="0.01"/>
</testsuite>